<?xml version="1.0" encoding="UTF-8"?>
<!-- Generated by org.testng.reporters.JUnitReportReporter -->
<testsuite skipped="0" hostname="DESKTOP-G716EM5" name="assignments.EMICalculator" tests="1" failures="0" timestamp="07 Sep 2019 16:27:38 GMT" time="19.905" errors="0">
  <testcase name="LoanEmiCalculator" time="19.905" classname="assignments.EMICalculator"/>
</testsuite> <!-- assignments.EMICalculator -->
